[2018-05-10T15:56:39.725] [TRACE] default - Entering cheese testing
[2018-05-10T15:56:39.730] [DEBUG] default - Got Cheese.
[2018-05-10T15:56:39.730] [INFO] default - cheese is gouda.
[2018-05-10T15:56:39.730] [WARN] default - Cheese is quite smelly.
[2018-05-10T15:56:39.731] [ERROR] default - Cheese is too ripe!
[2018-05-10T15:56:39.732] [FATAL] default - Cheese was breeding ground for listeria.
[2018-05-10T15:58:51.556] [INFO] default - Mongo connection successed
[2018-05-10T16:04:44.439] [INFO] default - app listening at http://localhost:3000
[2018-05-10T16:04:45.454] [INFO] default - Mongo connection successed
[2018-05-10T16:04:58.713] [INFO] default - show article: 5af1487e6cbc0d1020b32b27
[2018-05-10T16:05:50.536] [INFO] default - show article: 5af1487e6cbc0d1020b32b27
[2018-05-14T10:02:30.689] [INFO] default - app listening at http://localhost:3000
[2018-05-14T10:02:34.065] [INFO] default - Mongo connection successed
[2018-05-14T10:03:18.715] [INFO] default - show article: 5af1487e6cbc0d1020b32b27
[2018-05-15T14:18:36.584] [INFO] default - show article: 5af1487e6cbc0d1020b32b27
[2018-05-15T14:24:09.748] [INFO] default - show article: 5af1487e6cbc0d1020b32b27
[2018-05-15T14:41:54.449] [INFO] default - app listening at http://localhost:3000
[2018-05-15T14:41:55.628] [INFO] default - Mongo connection successed
[2018-05-15T14:44:58.587] [INFO] default - app listening at http://localhost:3000
[2018-05-15T14:44:59.629] [INFO] default - Mongo connection successed
[2018-05-15T14:45:31.444] [INFO] default - login msg: htt-12345
[2018-05-16T17:29:52.689] [INFO] default - app listening at http://localhost:3000
[2018-05-16T17:29:53.758] [INFO] default - Mongo connection successed
[2018-05-17T13:50:26.706] [INFO] default - app listening at http://localhost:3000
[2018-05-17T13:50:27.741] [INFO] default - Mongo connection successed
[2018-05-18T13:34:28.681] [INFO] default - app listening at http://localhost:3000
[2018-05-18T13:34:29.935] [INFO] default - Mongo connection successed
[2018-05-18T15:00:30.299] [INFO] default - app listening at http://localhost:3000
[2018-05-18T15:00:31.401] [INFO] default - Mongo connection successed
[2018-05-18T15:02:32.842] [INFO] default - app listening at http://localhost:3000
[2018-05-18T15:02:33.894] [INFO] default - Mongo connection successed
[2018-09-06T10:37:02.571] [INFO] default - app listening at http://localhost:3000
[2018-09-06T10:37:03.591] [INFO] default - Mongo connection successed
[2018-09-06T10:37:03.600] [INFO] default - Database opens for the first time...
[2018-09-06T13:48:42.044] [INFO] default - app listening at http://localhost:3000
[2018-09-06T13:48:43.066] [INFO] default - Mongo connection successed
[2018-09-06T13:48:43.078] [INFO] default - Database opens for the first time...
[2018-09-06T14:10:58.794] [INFO] default - app listening at http://localhost:3000
[2018-09-06T14:10:59.812] [INFO] default - Mongo connection successed
[2018-09-06T14:10:59.820] [INFO] default - Database opens for the first time...
[2018-09-06T14:13:30.982] [INFO] default - app listening at http://localhost:3000
[2018-09-06T14:13:32.004] [INFO] default - Mongo connection successed
[2018-09-06T14:13:32.014] [INFO] default - Database opens for the first time...
[2018-09-06T14:54:43.782] [INFO] default - app listening at http://localhost:3000
[2018-09-06T14:54:44.799] [INFO] default - Mongo connection successed
[2018-09-06T14:54:44.808] [INFO] default - Database opens for the first time...
[2018-09-06T14:57:48.513] [INFO] default - user login: undefined
[2018-09-06T15:00:47.076] [INFO] default - user login: undefined
[2018-09-06T15:02:45.590] [INFO] default - user login: undefined
[2018-09-06T15:02:54.641] [INFO] default - user login: undefined
[2018-09-06T15:03:07.095] [INFO] default - user login: undefined
[2018-09-06T15:03:15.393] [INFO] default - user login: undefined
[2018-09-06T15:03:25.038] [INFO] default - user login: undefined
[2018-09-06T15:03:48.580] [INFO] default - user login: undefined
[2018-09-06T15:03:57.272] [INFO] default - user login: undefined
[2018-09-06T15:04:06.332] [INFO] default - user login: undefined
[2018-09-06T15:04:15.992] [INFO] default - user login: undefined
[2018-09-06T15:04:21.390] [INFO] default - user login: undefined
[2018-09-06T15:04:30.857] [INFO] default - user login: undefined
[2018-09-06T15:04:36.705] [INFO] default - user login: undefined
[2018-09-06T15:04:52.729] [INFO] default - user login: undefined
[2018-09-06T15:05:38.806] [INFO] default - user login: undefined
[2018-09-06T15:05:51.217] [INFO] default - user login: undefined
[2018-09-06T15:06:45.150] [INFO] default - user login: undefined
[2018-09-06T15:07:18.031] [INFO] default - user login: undefined
[2018-09-06T15:07:22.916] [INFO] default - user login: undefined
[2018-09-06T15:07:36.693] [INFO] default - user login: undefined
[2018-09-06T15:08:04.254] [INFO] default - user login: undefined
[2018-09-06T15:08:18.286] [INFO] default - user login: undefined
[2018-09-06T15:08:22.406] [INFO] default - user login: undefined
[2018-09-06T15:08:53.809] [INFO] default - user login: undefined
[2018-09-06T15:09:05.458] [INFO] default - user login: undefined
[2018-09-06T15:09:27.274] [INFO] default - user login: undefined
[2018-09-06T15:11:43.539] [INFO] default - user login: undefined
[2018-09-06T15:14:12.565] [INFO] default - user login: undefined
[2018-09-06T15:16:18.286] [INFO] default - user login: undefined
[2018-09-06T15:17:00.533] [INFO] default - user login: undefined
[2018-09-06T15:23:20.300] [INFO] default - user login: undefined
[2018-09-06T15:23:46.290] [INFO] default - user login: undefined
[2018-09-06T15:24:52.700] [INFO] default - user login: undefined
[2018-09-06T15:25:03.226] [INFO] default - user login: undefined
[2018-09-06T15:25:46.047] [INFO] default - user login: undefined
[2018-09-06T15:25:58.950] [INFO] default - user login: undefined
[2018-09-06T15:29:11.935] [INFO] default - app listening at http://localhost:3000
[2018-09-06T15:29:12.972] [INFO] default - Mongo connection successed
[2018-09-06T15:29:12.986] [INFO] default - Database opens for the first time...
[2018-09-06T15:30:46.076] [INFO] default - user login: undefined
[2018-09-06T15:31:26.635] [INFO] default - show wx msg detail: undefined
[2018-09-06T15:31:27.880] [INFO] default - user login: undefined
[2018-09-06T15:32:42.811] [INFO] default - app listening at http://localhost:3000
[2018-09-06T15:32:43.854] [INFO] default - Mongo connection successed
[2018-09-06T15:32:43.874] [INFO] default - Database opens for the first time...
[2018-09-06T15:32:49.323] [INFO] default - user login: undefined
[2018-09-06T15:32:53.874] [INFO] default - show wx msg detail: 5b90d33da5fd5834943d47f9
[2018-09-06T15:32:54.414] [INFO] default - user login: undefined
[2018-09-06T15:33:30.008] [INFO] default - show wx msg detail: 5b90d33da5fd5834943d47f9
[2018-09-06T15:33:31.343] [INFO] default - user login: undefined
[2018-09-06T15:33:42.566] [INFO] default - show wx msg detail: 5b90d33da5fd5834943d47f9
[2018-09-06T15:33:43.138] [INFO] default - user login: undefined
[2018-09-06T15:35:37.849] [INFO] default - show wx msg detail: 5b90d33da5fd5834943d47f9
[2018-09-06T15:35:38.708] [INFO] default - user login: undefined
[2018-09-06T15:36:26.643] [INFO] default - show wx msg detail: 5b90d33da5fd5834943d47f9
[2018-09-06T15:36:27.221] [INFO] default - user login: undefined
[2018-09-06T15:38:35.073] [INFO] default - show wx msg detail: 5b90d33da5fd5834943d47f9
[2018-09-06T15:38:35.751] [INFO] default - user login: undefined
[2018-09-06T15:39:04.599] [INFO] default - show wx msg detail: 5b90d33da5fd5834943d47f9
[2018-09-06T15:39:05.147] [INFO] default - user login: undefined
[2018-09-06T15:40:09.542] [INFO] default - show wx msg detail: 5b90d33da5fd5834943d47f9
[2018-09-06T15:40:10.126] [INFO] default - user login: undefined
[2018-09-06T15:42:52.694] [INFO] default - show wx msg detail: 5b90d33da5fd5834943d47f9
[2018-09-06T15:42:54.075] [INFO] default - user login: undefined
[2018-09-06T15:43:25.970] [INFO] default - show wx msg detail: 5b90d33da5fd5834943d47f9
[2018-09-06T15:43:27.078] [INFO] default - user login: undefined
[2018-09-06T15:43:39.777] [INFO] default - show wx msg detail: 5b90d33da5fd5834943d47f9
[2018-09-06T15:43:40.149] [INFO] default - user login: undefined
[2018-09-06T15:44:01.845] [INFO] default - show wx msg detail: 5b90d33da5fd5834943d47f9
[2018-09-06T15:44:03.082] [INFO] default - user login: undefined
[2018-09-06T15:44:25.474] [INFO] default - show wx msg detail: 5b90d33da5fd5834943d47f9
[2018-09-06T15:44:26.772] [INFO] default - user login: undefined
[2018-09-06T15:47:54.909] [INFO] default - show wx msg detail: 5b90d33da5fd5834943d47f9
[2018-09-06T15:47:56.252] [INFO] default - user login: undefined
[2018-09-06T15:48:08.585] [INFO] default - show wx msg detail: 5b90d33da5fd5834943d47f9
[2018-09-06T15:48:09.089] [INFO] default - user login: undefined
[2018-09-06T15:49:18.333] [INFO] default - show wx msg detail: 5b90d33da5fd5834943d47f9
[2018-09-06T15:49:19.578] [INFO] default - user login: undefined
[2018-09-06T15:49:44.369] [INFO] default - show wx msg detail: 5b90d33da5fd5834943d47f9
[2018-09-06T15:49:45.713] [INFO] default - user login: undefined
[2018-09-06T15:49:54.397] [INFO] default - show wx msg detail: 5b90d33da5fd5834943d47f9
[2018-09-06T15:49:54.829] [INFO] default - user login: undefined
[2018-09-06T15:49:59.639] [INFO] default - show wx msg detail: 5b90d33da5fd5834943d47f9
[2018-09-06T15:50:01.020] [INFO] default - user login: undefined
[2018-09-06T15:50:49.293] [INFO] default - show wx msg detail: 5b90d33da5fd5834943d47f9
[2018-09-06T15:50:50.708] [INFO] default - user login: undefined
[2018-09-06T15:51:21.749] [INFO] default - show wx msg detail: 5b90d33da5fd5834943d47f9
[2018-09-06T15:51:22.307] [INFO] default - user login: undefined
[2018-09-06T15:51:27.108] [INFO] default - show wx msg detail: 5b90d33da5fd5834943d47f9
[2018-09-06T15:51:28.365] [INFO] default - user login: undefined
[2018-09-06T15:51:42.273] [INFO] default - show wx msg detail: 5b90d33da5fd5834943d47f9
[2018-09-06T15:51:43.476] [INFO] default - user login: undefined
[2018-09-06T15:52:55.320] [INFO] default - show wx msg detail: 5b90d33da5fd5834943d47f9
[2018-09-06T15:52:55.923] [INFO] default - user login: undefined
[2018-09-06T15:53:04.665] [INFO] default - show wx msg detail: 5b90d33da5fd5834943d47f9
[2018-09-06T15:53:05.234] [INFO] default - user login: undefined
[2018-09-06T16:01:14.978] [INFO] default - app listening at http://localhost:3000
[2018-09-06T16:01:16.013] [INFO] default - Mongo connection successed
[2018-09-06T16:01:16.028] [INFO] default - Database opens for the first time...
[2018-09-06T16:01:45.085] [INFO] default - show wx msg detail: 5b90d33da5fd5834943d47f9
[2018-09-06T16:01:46.506] [INFO] default - user login: undefined
[2018-09-06T16:02:04.700] [INFO] default - user login: undefined
[2018-09-06T16:02:56.091] [INFO] default - app listening at http://localhost:3000
[2018-09-06T16:02:57.110] [INFO] default - Mongo connection successed
[2018-09-06T16:02:57.119] [INFO] default - Database opens for the first time...
[2018-09-06T16:03:03.136] [INFO] default - user login: undefined
[2018-09-06T16:03:55.167] [INFO] default - user login: undefined
[2018-09-06T16:04:35.401] [INFO] default - user login: undefined
[2018-09-06T16:05:03.530] [INFO] default - user login: undefined
[2018-09-06T16:06:15.655] [INFO] default - user login: undefined
[2018-09-06T16:07:35.213] [INFO] default - user login: undefined
[2018-09-06T16:11:25.424] [INFO] default - user login: undefined
[2018-09-06T16:12:45.461] [INFO] default - user login: undefined
[2018-09-06T16:14:44.334] [INFO] default - user login: undefined
[2018-09-06T16:15:21.313] [INFO] default - user login: undefined
[2018-09-06T16:16:54.662] [INFO] default - user login: undefined
[2018-09-06T16:19:24.245] [INFO] default - user login: undefined
[2018-09-06T16:19:53.521] [INFO] default - user login: undefined
[2018-09-06T16:22:16.327] [INFO] default - user login: undefined
[2018-09-06T16:23:07.497] [INFO] default - user login: undefined
[2018-09-06T16:23:38.679] [INFO] default - user login: undefined
[2018-09-06T16:25:20.154] [INFO] default - user login: undefined
[2018-09-06T16:31:39.182] [INFO] default - user login: undefined
[2018-09-06T16:32:16.021] [INFO] default - user login: undefined
[2018-09-06T16:32:16.546] [INFO] default - show wx msg detail: 5b90d33da5fd5834943d47f9
[2018-09-06T16:32:47.948] [INFO] default - user login: undefined
[2018-09-06T16:32:48.455] [INFO] default - show wx msg detail: 5b90e0624ac6a30d38e05e41
[2018-09-06T16:46:34.817] [INFO] default - show wx msg detail: 5b90e0624ac6a30d38e05e41
[2018-09-06T16:46:36.282] [INFO] default - user login: undefined
[2018-09-06T16:49:17.568] [INFO] default - show wx msg detail: 5b90e0624ac6a30d38e05e41
[2018-09-06T16:49:19.059] [INFO] default - user login: undefined
[2018-09-06T16:50:18.039] [INFO] default - show wx msg detail: 5b90e0624ac6a30d38e05e41
[2018-09-06T16:50:19.305] [INFO] default - user login: undefined
[2018-09-06T16:50:39.954] [INFO] default - show wx msg detail: 5b90e0624ac6a30d38e05e41
[2018-09-06T16:50:41.158] [INFO] default - user login: undefined
[2018-09-06T16:50:52.075] [INFO] default - show wx msg detail: 5b90e0624ac6a30d38e05e41
[2018-09-06T16:50:52.501] [INFO] default - user login: undefined
[2018-09-06T16:51:04.558] [INFO] default - show wx msg detail: 5b90e0624ac6a30d38e05e41
[2018-09-06T16:51:05.837] [INFO] default - user login: undefined
[2018-09-06T16:51:12.289] [INFO] default - show wx msg detail: 5b90e0624ac6a30d38e05e41
[2018-09-06T16:51:12.795] [INFO] default - user login: undefined
[2018-09-06T16:51:23.421] [INFO] default - show wx msg detail: 5b90e0624ac6a30d38e05e41
[2018-09-06T16:51:24.727] [INFO] default - user login: undefined
[2018-09-06T16:52:15.638] [INFO] default - show wx msg detail: 5b90e0624ac6a30d38e05e41
[2018-09-06T16:52:16.935] [INFO] default - user login: undefined
[2018-09-06T16:52:25.435] [INFO] default - user login: undefined
[2018-09-06T16:52:25.681] [INFO] default - show wx msg detail: 5b90e0624ac6a30d38e05e41
[2018-09-06T16:52:30.439] [INFO] default - show wx msg detail: 5b90d454a5fd5834943d47fb
[2018-09-06T16:52:36.180] [INFO] default - show wx msg detail: 5b90cffda5fd5834943d47f8
[2018-09-06T16:54:34.864] [INFO] default - user login: undefined
[2018-09-06T16:55:11.927] [INFO] default - user login: undefined
[2018-09-06T16:55:20.966] [INFO] default - show wx msg detail: 5b90eafc4ac6a30d38e05e42
[2018-09-06T17:02:30.030] [INFO] default - user login: undefined
[2018-09-06T17:06:09.232] [INFO] default - user login: undefined
[2018-09-06T17:06:16.207] [INFO] default - user login: undefined
[2018-09-06T17:06:22.647] [INFO] default - user login: undefined
[2018-09-06T17:07:28.865] [INFO] default - user login: undefined
[2018-09-06T17:07:40.065] [INFO] default - user login: undefined
[2018-09-06T17:08:35.193] [INFO] default - user login: undefined
[2018-09-06T17:08:37.910] [INFO] default - user login: undefined
[2018-09-06T17:08:48.269] [INFO] default - user login: undefined
[2018-09-06T17:08:50.412] [INFO] default - user login: undefined
[2018-09-06T17:08:54.397] [INFO] default - user login: undefined
[2018-09-06T17:14:50.121] [INFO] default - user login: undefined
